<?xml version="1.0" encoding="UTF-8"?>
<testng-results skipped="0" failed="0" total="1" passed="1">
  <reporter-output>
  </reporter-output>
  <suite name="Default suite" duration-ms="15860" started-at="2020-03-16T22:01:00Z" finished-at="2020-03-16T22:01:16Z">
    <groups>
    </groups>
    <test name="Default test" duration-ms="15860" started-at="2020-03-16T22:01:00Z" finished-at="2020-03-16T22:01:16Z">
      <class name="com.wordpress.Testcases.VerifyWordpressLogin">
        <test-method status="PASS" signature="verifyWordpressLogin()[pri:0, instance:com.wordpress.Testcases.VerifyWordpressLogin@523884b2]" name="verifyWordpressLogin" duration-ms="15806" started-at="2020-03-16T18:01:00Z" finished-at="2020-03-16T18:01:16Z">
          <reporter-output>
          </reporter-output>
        </test-method> <!-- verifyWordpressLogin -->
      </class> <!-- com.wordpress.Testcases.VerifyWordpressLogin -->
    </test> <!-- Default test -->
  </suite> <!-- Default suite -->
</testng-results>
